Removed Pin From Net: NetName=+5Vdc Pin=C4-1
Removed Pin From Net: NetName=GND Pin=C4-2
Removed Pin From Net: NetName=+V_iso Pin=C5-1
Removed Pin From Net: NetName=GND_iso Pin=C5-2
Removed Pin From Net: NetName=+VCC Pin=PS1-1
Removed Pin From Net: NetName=GND Pin=PS1-2
Removed Pin From Net: NetName=GND_iso Pin=PS1-4
Removed Pin From Net: NetName=+V_iso Pin=PS1-6
Removed Member From Class: ClassName=Communication Member=PS1
Change Component Footprint: Designator=C4 Old Footprint=CM-0805 capacitor New Footprint=tu 1206
Change Component Comment : Designator=C4 Old Comment=10uF New Comment=105
Change component parameters: Designator = "C4"; Footprint = "tu 1206"; UniqueID = "\QFPIJMHN"
Change component parameters. Clean all parameters for all variants
Change component parameters (AddParameter): Name = "Chung_Loai"; Value = "Dán"; VariantName = "[No Variations]"
Change component parameters (AddParameter): Name = "Don_Vi"; Value = "Con"; VariantName = "[No Variations]"
Change component parameters (AddParameter): Name = "Kieu_Chan"; Value = ""; VariantName = "[No Variations]"
Change component parameters (AddParameter): Name = "Ma_Hang"; Value = "MH004545"; VariantName = "[No Variations]"
Change component parameters (AddParameter): Name = "So_Chan"; Value = "2"; VariantName = "[No Variations]"
Change component parameters (AddParameter): Name = "Ten_Linh_Kien"; Value = "T? 1206 105-1uF 20% 50V"; VariantName = "[No Variations]"
Added Component: Designator=C28(CM-0805 capacitor)
Add component. Clean all parameters for all variants
Add component (AddParameter): Name = "Value"; Value = "100pF"; VariantName = "[No Variations]"
Added Pin To Net: NetName=+VM Pin=C4-1
Added Pin To Net: NetName=GND_iso Pin=C4-2
Added Pin To Net: NetName=GND_iso Pin=C5-1
Added Pin To Net: NetName=+V_iso Pin=C5-2
Added Pin To Net: NetName=+V_iso Pin=C28-1
Added Pin To Net: NetName=GND_iso Pin=C28-2
Added Pin To Net: NetName=+VM Pin=IC21-1
Added Pin To Net: NetName=GND_iso Pin=IC21-2
Added Pin To Net: NetName=+V_iso Pin=IC21-3
Added Member To Class: ClassName=Communication Member=Component C28 10uF
