Added Component: Designator=C12(Cap 3KV 5mm)
Add component. Clean all parameters for all variants
Add component (AddParameter): Name = "LatestRevisionDate"; Value = "17-Jul-2002"; VariantName = "[No Variations]"
Add component (AddParameter): Name = "LatestRevisionNote"; Value = "Re-released for DXP Platform."; VariantName = "[No Variations]"
Add component (AddParameter): Name = "PackageReference"; Value = "RAD-0.3"; VariantName = "[No Variations]"
Add component (AddParameter): Name = "Published"; Value = "8-Jun-2000"; VariantName = "[No Variations]"
Add component (AddParameter): Name = "Publisher"; Value = "Altium Limited"; VariantName = "[No Variations]"
Add component (AddParameter): Name = "Value"; Value = "1nF/2kV"; VariantName = "[No Variations]"
Added Component: Designator=C47(Cap 3KV 5mm)
Add component. Clean all parameters for all variants
Add component (AddParameter): Name = "LatestRevisionDate"; Value = "17-Jul-2002"; VariantName = "[No Variations]"
Add component (AddParameter): Name = "LatestRevisionNote"; Value = "Re-released for DXP Platform."; VariantName = "[No Variations]"
Add component (AddParameter): Name = "PackageReference"; Value = "RAD-0.3"; VariantName = "[No Variations]"
Add component (AddParameter): Name = "Published"; Value = "8-Jun-2000"; VariantName = "[No Variations]"
Add component (AddParameter): Name = "Publisher"; Value = "Altium Limited"; VariantName = "[No Variations]"
Add component (AddParameter): Name = "Value"; Value = "1nF/2kV"; VariantName = "[No Variations]"
Added Pin To Net: NetName=SHDN Pin=C12-1
Added Pin To Net: NetName=GND_iso Pin=C12-2
Added Pin To Net: NetName=SHDN Pin=C47-1
Added Pin To Net: NetName=+VS Pin=C47-2
Added Member To Class: ClassName=Terminal Member=Component C12 1nF/2kV
Added Member To Class: ClassName=Terminal Member=Component C47 1nF/2kV
Added Member To Class: ClassName=MC33886_PowerModule Member=Component GND_iso
Added Member To Class: ClassName=MC33886_PowerModule Member=Component GND
Added Member To Class: ClassName=Current_Sense Member=Component IA
Added Member To Class: ClassName=Current_Sense Member=Component IB
Added Member To Class: ClassName=MC33886_PowerModule Member=Component PWM1
Added Member To Class: ClassName=MC33886_PowerModule Member=Component PWM2
Added Member To Class: ClassName=MC33886_PowerModule Member=Component PWM3
Added Member To Class: ClassName=MC33886_PowerModule Member=Component PWM4
Added Member To Class: ClassName=MC33886_PowerModule Member=Component Vbus
