Removed Pin From Net: NetName=AD1_11_AREF Pin=AI1-1
Removed Pin From Net: NetName=NetAO2_1 Pin=AO2-1
Removed Pin From Net: NetName=AO Pin=AOs1-1
Removed Pin From Net: NetName=AD1_13_VBUS Pin=AOs2-1
Removed Pin From Net: NetName=GND_iso Pin=C16-1
Removed Pin From Net: NetName=+VM Pin=C16-2
Removed Pin From Net: NetName=GND_iso Pin=C17-1
Removed Pin From Net: NetName=+VM Pin=C17-2
Removed Pin From Net: NetName=GND_iso Pin=C37-1
Removed Pin From Net: NetName=+VM Pin=C37-2
Removed Pin From Net: NetName=GND_iso Pin=C40-1
Removed Pin From Net: NetName=+VM Pin=C40-2
Removed Pin From Net: NetName=AD1_15_IA Pin=iA1-1
Removed Pin From Net: NetName=AD1_16_IB Pin=iA2-1
Removed Member From Class: ClassName=Current_Sense Member=AI1
Removed Member From Class: ClassName=MC33886_PowerModule Member=AO2
Removed Member From Class: ClassName=Current_Sense Member=AOs1
Removed Member From Class: ClassName=MC33886_PowerModule Member=AOs2
Removed Member From Class: ClassName=MC33886_PowerModule Member=C16
Removed Member From Class: ClassName=MC33886_PowerModule Member=C17
Removed Member From Class: ClassName=MC33886_PowerModule Member=C37
Removed Member From Class: ClassName=MC33886_PowerModule Member=C40
Removed Member From Class: ClassName=Current_Sense Member=iA1
Removed Member From Class: ClassName=Current_Sense Member=iA2
Change Component Description : Designator=H1 Old Description=C?m New Description=C?m
Change Component Description : Designator=H2 Old Description=C?m New Description=C?m
Change Component Description : Designator=H3 Old Description=C?m New Description=C?m
Change Component Description : Designator=H4 Old Description=C?m New Description=C?m
Change Component Description : Designator=H5 Old Description=C?m New Description=C?m
Change Component Description : Designator=H6 Old Description=C?m New Description=C?m
Change Component Description : Designator=H7 Old Description=C?m New Description=C?m
Change Component Description : Designator=H8 Old Description=C?m New Description=C?m
Change Component Description : Designator=JP1 Old Description=C?m New Description=C?m
Change Component Description : Designator=JP2 Old Description=C?m New Description=C?m
Change component parameters: Designator = "C11"; Footprint = "tu 0805"; UniqueID = "\HARHFVXY"
Change component parameters. Clean all parameters for all variants
Change component parameters (AddParameter): Name = "Chung_Loai"; Value = "Dán"; VariantName = "[No Variations]"
Change component parameters (AddParameter): Name = "Don_Vi"; Value = "Con"; VariantName = "[No Variations]"
Change component parameters (AddParameter): Name = "Kieu_Chan"; Value = ""; VariantName = "[No Variations]"
Change component parameters (AddParameter): Name = "Ma_Hang"; Value = "MH004554"; VariantName = "[No Variations]"
Change component parameters (AddParameter): Name = "So_Chan"; Value = "2"; VariantName = "[No Variations]"
Change component parameters (AddParameter): Name = "Ten_Linh_Kien"; Value = "T? 0805 10P 10% 50V"; VariantName = "[No Variations]"
Change component parameters: Designator = "C14"; Footprint = "tu nhom 8 (e)"; UniqueID = "\VXIIBEDX"
Change component parameters. Clean all parameters for all variants
Change component parameters (AddParameter): Name = "Chung_Loai"; Value = "Dán"; VariantName = "[No Variations]"
Change component parameters (AddParameter): Name = "Don_Vi"; Value = "Con"; VariantName = "[No Variations]"
Change component parameters (AddParameter): Name = "Kieu_Chan"; Value = ""; VariantName = "[No Variations]"
Change component parameters (AddParameter): Name = "Ma_Hang"; Value = "MH004017"; VariantName = "[No Variations]"
Change component parameters (AddParameter): Name = "So_Chan"; Value = "2"; VariantName = "[No Variations]"
Change component parameters (AddParameter): Name = "Ten_Linh_Kien"; Value = "T? Nhôm 33uF 35V"; VariantName = "[No Variations]"
Change component parameters: Designator = "C15"; Footprint = "tu nhom 8 (e)"; UniqueID = "\PLXUETBX"
Change component parameters. Clean all parameters for all variants
Change component parameters (AddParameter): Name = "Chung_Loai"; Value = "Dán"; VariantName = "[No Variations]"
Change component parameters (AddParameter): Name = "Don_Vi"; Value = "Con"; VariantName = "[No Variations]"
Change component parameters (AddParameter): Name = "Kieu_Chan"; Value = ""; VariantName = "[No Variations]"
Change component parameters (AddParameter): Name = "Ma_Hang"; Value = "MH004017"; VariantName = "[No Variations]"
Change component parameters (AddParameter): Name = "So_Chan"; Value = "2"; VariantName = "[No Variations]"
Change component parameters (AddParameter): Name = "Ten_Linh_Kien"; Value = "T? Nhôm 33uF 35V"; VariantName = "[No Variations]"
Change component parameters: Designator = "C21"; Footprint = "tu 0805"; UniqueID = "\IHWACHAN"
Change component parameters. Clean all parameters for all variants
Change component parameters (AddParameter): Name = "Chung_Loai"; Value = "Dán"; VariantName = "[No Variations]"
Change component parameters (AddParameter): Name = "Don_Vi"; Value = "Con"; VariantName = "[No Variations]"
Change component parameters (AddParameter): Name = "Kieu_Chan"; Value = ""; VariantName = "[No Variations]"
Change component parameters (AddParameter): Name = "Ma_Hang"; Value = "MH004554"; VariantName = "[No Variations]"
Change component parameters (AddParameter): Name = "So_Chan"; Value = "2"; VariantName = "[No Variations]"
Change component parameters (AddParameter): Name = "Ten_Linh_Kien"; Value = "T? 0805 10P 10% 50V"; VariantName = "[No Variations]"
Change component parameters: Designator = "C27"; Footprint = "tu nhom 10 (G)"; UniqueID = "\XPSQPCLQ"
Change component parameters. Clean all parameters for all variants
Change component parameters (AddParameter): Name = "Chung_Loai"; Value = "Dán"; VariantName = "[No Variations]"
Change component parameters (AddParameter): Name = "Don_Vi"; Value = "Con"; VariantName = "[No Variations]"
Change component parameters (AddParameter): Name = "Kieu_Chan"; Value = ""; VariantName = "[No Variations]"
Change component parameters (AddParameter): Name = "Ma_Hang"; Value = "MH004418"; VariantName = "[No Variations]"
Change component parameters (AddParameter): Name = "So_Chan"; Value = "2"; VariantName = "[No Variations]"
Change component parameters (AddParameter): Name = "Ten_Linh_Kien"; Value = "T? Nhôm 470uF 35V 10x10.5MM"; VariantName = "[No Variations]"
Change component parameters: Designator = "C28"; Footprint = "tu nhom 10 (g)"; UniqueID = "\RGGJKIVC"
Change component parameters. Clean all parameters for all variants
Change component parameters (AddParameter): Name = "Chung_Loai"; Value = "Dán"; VariantName = "[No Variations]"
Change component parameters (AddParameter): Name = "Don_Vi"; Value = "Con"; VariantName = "[No Variations]"
Change component parameters (AddParameter): Name = "Kieu_Chan"; Value = ""; VariantName = "[No Variations]"
Change component parameters (AddParameter): Name = "Ma_Hang"; Value = "MH004019"; VariantName = "[No Variations]"
Change component parameters (AddParameter): Name = "So_Chan"; Value = "2"; VariantName = "[No Variations]"
Change component parameters (AddParameter): Name = "Ten_Linh_Kien"; Value = "T? Nhôm 100uF 35V"; VariantName = "[No Variations]"
Change component parameters: Designator = "C29"; Footprint = "tu nhom 6.3 (d)"; UniqueID = "\XEUSEIGG"
Change component parameters. Clean all parameters for all variants
Change component parameters (AddParameter): Name = "Chung_Loai"; Value = "Dán"; VariantName = "[No Variations]"
Change component parameters (AddParameter): Name = "Don_Vi"; Value = "Con"; VariantName = "[No Variations]"
Change component parameters (AddParameter): Name = "Kieu_Chan"; Value = ""; VariantName = "[No Variations]"
Change component parameters (AddParameter): Name = "Ma_Hang"; Value = "MH004020"; VariantName = "[No Variations]"
Change component parameters (AddParameter): Name = "So_Chan"; Value = "2"; VariantName = "[No Variations]"
Change component parameters (AddParameter): Name = "Ten_Linh_Kien"; Value = "T? Nhôm 120uF 10V"; VariantName = "[No Variations]"
Change component parameters: Designator = "C36"; Footprint = "tu nhom 8 (e)"; UniqueID = "\UQTAOESA"
Change component parameters. Clean all parameters for all variants
Change component parameters (AddParameter): Name = "Chung_Loai"; Value = "Dán"; VariantName = "[No Variations]"
Change component parameters (AddParameter): Name = "Don_Vi"; Value = "Con"; VariantName = "[No Variations]"
Change component parameters (AddParameter): Name = "Kieu_Chan"; Value = ""; VariantName = "[No Variations]"
Change component parameters (AddParameter): Name = "Ma_Hang"; Value = "MH004017"; VariantName = "[No Variations]"
Change component parameters (AddParameter): Name = "So_Chan"; Value = "2"; VariantName = "[No Variations]"
Change component parameters (AddParameter): Name = "Ten_Linh_Kien"; Value = "T? Nhôm 33uF 35V"; VariantName = "[No Variations]"
Change component parameters: Designator = "C39"; Footprint = "tu nhom 8 (e)"; UniqueID = "\JHFNSDIR"
Change component parameters. Clean all parameters for all variants
Change component parameters (AddParameter): Name = "Chung_Loai"; Value = "Dán"; VariantName = "[No Variations]"
Change component parameters (AddParameter): Name = "Don_Vi"; Value = "Con"; VariantName = "[No Variations]"
Change component parameters (AddParameter): Name = "Kieu_Chan"; Value = ""; VariantName = "[No Variations]"
Change component parameters (AddParameter): Name = "Ma_Hang"; Value = "MH004017"; VariantName = "[No Variations]"
Change component parameters (AddParameter): Name = "So_Chan"; Value = "2"; VariantName = "[No Variations]"
Change component parameters (AddParameter): Name = "Ten_Linh_Kien"; Value = "T? Nhôm 33uF 35V"; VariantName = "[No Variations]"
Change component parameters: Designator = "LED1"; Footprint = "LED-0805-Blue"; UniqueID = "\PXOYPPOU"
Change component parameters. Clean all parameters for all variants
Change component parameters (AddParameter): Name = "Chung_Loai"; Value = "Dán"; VariantName = "[No Variations]"
Change component parameters (AddParameter): Name = "Don_Vi"; Value = "Con"; VariantName = "[No Variations]"
Change component parameters (AddParameter): Name = "Ghi_Chu"; Value = ""; VariantName = "[No Variations]"
Change component parameters (AddParameter): Name = "Kieu_Chan"; Value = ""; VariantName = "[No Variations]"
Change component parameters (AddParameter): Name = "Ma_Hang"; Value = "MH002327"; VariantName = "[No Variations]"
Change component parameters (AddParameter): Name = "Ten_Linh_Kien"; Value = "LED 0805 Màu Xanh Duong (Blue)"; VariantName = "[No Variations]"
Change component parameters: Designator = "LED2"; Footprint = "LED-0805-Red"; UniqueID = "\GBEJIJMO"
Change component parameters. Clean all parameters for all variants
Change component parameters (AddParameter): Name = "Chung_Loai"; Value = "Dán"; VariantName = "[No Variations]"
Change component parameters (AddParameter): Name = "Don_Vi"; Value = "Con"; VariantName = "[No Variations]"
Change component parameters (AddParameter): Name = "Ghi_Chu"; Value = ""; VariantName = "[No Variations]"
Change component parameters (AddParameter): Name = "Kieu_Chan"; Value = ""; VariantName = "[No Variations]"
Change component parameters (AddParameter): Name = "Ma_Hang"; Value = "MH000897"; VariantName = "[No Variations]"
Change component parameters (AddParameter): Name = "Ten_Linh_Kien"; Value = "LED 0805 Màu Ð? (Red)"; VariantName = "[No Variations]"
Change component parameters: Designator = "R25"; Footprint = "tro smd 0805"; UniqueID = "\LSNVMWEY"
Change component parameters. Clean all parameters for all variants
Change component parameters (AddParameter): Name = "Chung_Loai"; Value = "Dán"; VariantName = "[No Variations]"
Change component parameters (AddParameter): Name = "Don_Vi"; Value = "Con"; VariantName = "[No Variations]"
Change component parameters (AddParameter): Name = "Kieu_Chan"; Value = ""; VariantName = "[No Variations]"
Change component parameters (AddParameter): Name = "Ma_Hang"; Value = "MH005471"; VariantName = "[No Variations]"
Change component parameters (AddParameter): Name = "So_Chan"; Value = "2"; VariantName = "[No Variations]"
Change component parameters (AddParameter): Name = "Ten_Linh_Kien"; Value = "Tr? 0805 1% 2k"; VariantName = "[No Variations]"
Change component parameters: Designator = "R26"; Footprint = "tro smd 0805"; UniqueID = "\NPUWGMWP"
Change component parameters. Clean all parameters for all variants
Change component parameters (AddParameter): Name = "Chung_Loai"; Value = "Dán"; VariantName = "[No Variations]"
Change component parameters (AddParameter): Name = "Don_Vi"; Value = "Con"; VariantName = "[No Variations]"
Change component parameters (AddParameter): Name = "Kieu_Chan"; Value = ""; VariantName = "[No Variations]"
Change component parameters (AddParameter): Name = "Ma_Hang"; Value = "MH005471"; VariantName = "[No Variations]"
Change component parameters (AddParameter): Name = "So_Chan"; Value = "2"; VariantName = "[No Variations]"
Change component parameters (AddParameter): Name = "Ten_Linh_Kien"; Value = "Tr? 0805 1% 2k"; VariantName = "[No Variations]"
Change component parameters: Designator = "R?"; Footprint = "tro smd 2512"; UniqueID = "\PXTHXSDA"
Change component parameters. Clean all parameters for all variants
Change component parameters (AddParameter): Name = "Chung_Loai"; Value = "Dán"; VariantName = "[No Variations]"
Change component parameters (AddParameter): Name = "Don_Vi"; Value = "Con"; VariantName = "[No Variations]"
Change component parameters (AddParameter): Name = "Kieu_Chan"; Value = ""; VariantName = "[No Variations]"
Change component parameters (AddParameter): Name = "Ma_Hang"; Value = "MH004712"; VariantName = "[No Variations]"
Change component parameters (AddParameter): Name = "So_Chan"; Value = "2"; VariantName = "[No Variations]"
Change component parameters (AddParameter): Name = "Ten_Linh_Kien"; Value = "Tr? 2512 5% 0R 1W"; VariantName = "[No Variations]"
Change component parameters: Designator = "H1"; Footprint = "Header 4P DC 2.54"; UniqueID = "\DDAINLKB"
Change component parameters. Clean all parameters for all variants
Change component parameters (AddParameter): Name = "Chung_Loai"; Value = "C?m"; VariantName = "[No Variations]"
Change component parameters (AddParameter): Name = "Don_Vi"; Value = "Con"; VariantName = "[No Variations]"
Change component parameters (AddParameter): Name = "Ghi_Chu"; Value = ""; VariantName = "[No Variations]"
Change component parameters (AddParameter): Name = "Kieu_Chan"; Value = ""; VariantName = "[No Variations]"
Change component parameters (AddParameter): Name = "Ma_Hang"; Value = "MH001310"; VariantName = "[No Variations]"
Change component parameters (AddParameter): Name = "Ten_Linh_Kien"; Value = "Header 4P XH2.54-4P Ð?c Cong"; VariantName = "[No Variations]"
Change component parameters: Designator = "H2"; Footprint = "Header 4P DC 2.54"; UniqueID = "\RSIFWWTS"
Change component parameters. Clean all parameters for all variants
Change component parameters (AddParameter): Name = "Chung_Loai"; Value = "C?m"; VariantName = "[No Variations]"
Change component parameters (AddParameter): Name = "Don_Vi"; Value = "Con"; VariantName = "[No Variations]"
Change component parameters (AddParameter): Name = "Ghi_Chu"; Value = ""; VariantName = "[No Variations]"
Change component parameters (AddParameter): Name = "Kieu_Chan"; Value = ""; VariantName = "[No Variations]"
Change component parameters (AddParameter): Name = "Ma_Hang"; Value = "MH001310"; VariantName = "[No Variations]"
Change component parameters (AddParameter): Name = "Ten_Linh_Kien"; Value = "Header 4P XH2.54-4P Ð?c Cong"; VariantName = "[No Variations]"
Change component parameters: Designator = "H3"; Footprint = "Header 4P DC 2.54"; UniqueID = "\BFCIEGVD"
Change component parameters. Clean all parameters for all variants
Change component parameters (AddParameter): Name = "Chung_Loai"; Value = "C?m"; VariantName = "[No Variations]"
Change component parameters (AddParameter): Name = "Don_Vi"; Value = "Con"; VariantName = "[No Variations]"
Change component parameters (AddParameter): Name = "Ghi_Chu"; Value = ""; VariantName = "[No Variations]"
Change component parameters (AddParameter): Name = "Kieu_Chan"; Value = ""; VariantName = "[No Variations]"
Change component parameters (AddParameter): Name = "Ma_Hang"; Value = "MH001310"; VariantName = "[No Variations]"
Change component parameters (AddParameter): Name = "Ten_Linh_Kien"; Value = "Header 4P XH2.54-4P Ð?c Cong"; VariantName = "[No Variations]"
Change component parameters: Designator = "H4"; Footprint = "Header 4P DC 2.54"; UniqueID = "\EGQKFJBY"
Change component parameters. Clean all parameters for all variants
Change component parameters (AddParameter): Name = "Chung_Loai"; Value = "C?m"; VariantName = "[No Variations]"
Change component parameters (AddParameter): Name = "Don_Vi"; Value = "Con"; VariantName = "[No Variations]"
Change component parameters (AddParameter): Name = "Ghi_Chu"; Value = ""; VariantName = "[No Variations]"
Change component parameters (AddParameter): Name = "Kieu_Chan"; Value = ""; VariantName = "[No Variations]"
Change component parameters (AddParameter): Name = "Ma_Hang"; Value = "MH001310"; VariantName = "[No Variations]"
Change component parameters (AddParameter): Name = "Ten_Linh_Kien"; Value = "Header 4P XH2.54-4P Ð?c Cong"; VariantName = "[No Variations]"
Change component parameters: Designator = "H5"; Footprint = "Header 4P DC 2.54"; UniqueID = "\EVANSWPK"
Change component parameters. Clean all parameters for all variants
Change component parameters (AddParameter): Name = "Chung_Loai"; Value = "C?m"; VariantName = "[No Variations]"
Change component parameters (AddParameter): Name = "Don_Vi"; Value = "Con"; VariantName = "[No Variations]"
Change component parameters (AddParameter): Name = "Ghi_Chu"; Value = ""; VariantName = "[No Variations]"
Change component parameters (AddParameter): Name = "Kieu_Chan"; Value = ""; VariantName = "[No Variations]"
Change component parameters (AddParameter): Name = "Ma_Hang"; Value = "MH001310"; VariantName = "[No Variations]"
Change component parameters (AddParameter): Name = "Ten_Linh_Kien"; Value = "Header 4P XH2.54-4P Ð?c Cong"; VariantName = "[No Variations]"
Change component parameters: Designator = "H6"; Footprint = "Header 4P DC 2.54"; UniqueID = "\GYFBKPPK"
Change component parameters. Clean all parameters for all variants
Change component parameters (AddParameter): Name = "Chung_Loai"; Value = "C?m"; VariantName = "[No Variations]"
Change component parameters (AddParameter): Name = "Don_Vi"; Value = "Con"; VariantName = "[No Variations]"
Change component parameters (AddParameter): Name = "Ghi_Chu"; Value = ""; VariantName = "[No Variations]"
Change component parameters (AddParameter): Name = "Kieu_Chan"; Value = ""; VariantName = "[No Variations]"
Change component parameters (AddParameter): Name = "Ma_Hang"; Value = "MH001310"; VariantName = "[No Variations]"
Change component parameters (AddParameter): Name = "Ten_Linh_Kien"; Value = "Header 4P XH2.54-4P Ð?c Cong"; VariantName = "[No Variations]"
Change component parameters: Designator = "H7"; Footprint = "VH3.96M-4"; UniqueID = "\XQXGKHGC"
Change component parameters. Clean all parameters for all variants
Change component parameters (AddParameter): Name = "Chung_Loai"; Value = "C?m"; VariantName = "[No Variations]"
Change component parameters (AddParameter): Name = "Don_Vi"; Value = "Con"; VariantName = "[No Variations]"
Change component parameters (AddParameter): Name = "Ghi_Chu"; Value = ""; VariantName = "[No Variations]"
Change component parameters (AddParameter): Name = "Kieu_Chan"; Value = ""; VariantName = "[No Variations]"
Change component parameters (AddParameter): Name = "Ma_Hang"; Value = "MH001285"; VariantName = "[No Variations]"
Change component parameters (AddParameter): Name = "Ten_Linh_Kien"; Value = "Header 4P XH2.54-4P Ð?c Th?ng"; VariantName = "[No Variations]"
Change component parameters: Designator = "H8"; Footprint = "Header 4P DC 2.54"; UniqueID = "\JFDAMGKR"
Change component parameters. Clean all parameters for all variants
Change component parameters (AddParameter): Name = "Chung_Loai"; Value = "C?m"; VariantName = "[No Variations]"
Change component parameters (AddParameter): Name = "Don_Vi"; Value = "Con"; VariantName = "[No Variations]"
Change component parameters (AddParameter): Name = "Ghi_Chu"; Value = ""; VariantName = "[No Variations]"
Change component parameters (AddParameter): Name = "Kieu_Chan"; Value = ""; VariantName = "[No Variations]"
Change component parameters (AddParameter): Name = "Ma_Hang"; Value = "MH001310"; VariantName = "[No Variations]"
Change component parameters (AddParameter): Name = "Ten_Linh_Kien"; Value = "Header 4P XH2.54-4P Ð?c Cong"; VariantName = "[No Variations]"
Change component parameters: Designator = "JP1"; Footprint = "JP 2x20 DC"; UniqueID = "\NIDFUBHA"
Change component parameters. Clean all parameters for all variants
Change component parameters (AddParameter): Name = "Chung_Loai"; Value = "C?m"; VariantName = "[No Variations]"
Change component parameters (AddParameter): Name = "Don_Vi"; Value = "Con"; VariantName = "[No Variations]"
Change component parameters (AddParameter): Name = "Ghi_Chu"; Value = ""; VariantName = "[No Variations]"
Change component parameters (AddParameter): Name = "Kieu_Chan"; Value = ""; VariantName = "[No Variations]"
Change component parameters (AddParameter): Name = "Ma_Hang"; Value = "MH005385"; VariantName = "[No Variations]"
Change component parameters (AddParameter): Name = "Ten_Linh_Kien"; Value = "Jump Ðôi Ð?c 2.54MM 2x40P Cong"; VariantName = "[No Variations]"
Change component parameters: Designator = "JP2"; Footprint = "JP 2x6 DC"; UniqueID = "\HVNLUJUJ"
Change component parameters. Clean all parameters for all variants
Change component parameters (AddParameter): Name = "Chung_Loai"; Value = "C?m"; VariantName = "[No Variations]"
Change component parameters (AddParameter): Name = "Don_Vi"; Value = "Con"; VariantName = "[No Variations]"
Change component parameters (AddParameter): Name = "Ghi_Chu"; Value = ""; VariantName = "[No Variations]"
Change component parameters (AddParameter): Name = "Kieu_Chan"; Value = ""; VariantName = "[No Variations]"
Change component parameters (AddParameter): Name = "Ma_Hang"; Value = "MH005385"; VariantName = "[No Variations]"
Change component parameters (AddParameter): Name = "Ten_Linh_Kien"; Value = "Jump Ðôi Ð?c 2.54MM 2x40P Cong"; VariantName = "[No Variations]"
Change Net Name : Old Net Name=NetAO2_1 New Net Name=NetC18_1
