Removed Pin From Net: NetName=DI_3 Pin=IC7-2
Removed Pin From Net: NetName=DI_2 Pin=IC7-3
Removed Pin From Net: NetName=DI_1 Pin=IC7-4
Removed Pin From Net: NetName=DI_0 Pin=IC7-5
Removed Pin From Net: NetName=PULSE_CMD Pin=IC7-6
Removed Pin From Net: NetName=S_LOCK Pin=IC7-7
Removed Pin From Net: NetName=EX_DIR Pin=IC7-8
Removed Pin From Net: NetName=DIRECTION Pin=IC7-12
Removed Pin From Net: NetName=SERVO_LOCK Pin=IC7-13
Removed Pin From Net: NetName=LPTIM1_T_PULSE_Cmd Pin=IC7-14
Removed Pin From Net: NetName=PC8_DI_0 Pin=IC7-15
Removed Pin From Net: NetName=PC7_DI_1 Pin=IC7-16
Removed Pin From Net: NetName=PC6_DI_2 Pin=IC7-17
Removed Pin From Net: NetName=PB12_DI_3 Pin=IC7-18
Added Pin To Net: NetName=EX_DIR Pin=IC7-2
Added Pin To Net: NetName=S_LOCK Pin=IC7-3
Added Pin To Net: NetName=PULSE_CMD Pin=IC7-4
Added Pin To Net: NetName=DI_0 Pin=IC7-6
Added Pin To Net: NetName=DI_1 Pin=IC7-7
Added Pin To Net: NetName=DI_2 Pin=IC7-8
Added Pin To Net: NetName=DI_3 Pin=IC7-9
Added Pin To Net: NetName=PB12_DI_3 Pin=IC7-11
Added Pin To Net: NetName=PC6_DI_2 Pin=IC7-12
Added Pin To Net: NetName=PC7_DI_1 Pin=IC7-13
Added Pin To Net: NetName=PC8_DI_0 Pin=IC7-14
Added Pin To Net: NetName=LPTIM1_T_PULSE_Cmd Pin=IC7-16
Added Pin To Net: NetName=SERVO_LOCK Pin=IC7-17
Added Pin To Net: NetName=DIRECTION Pin=IC7-18
