Added Component: Designator=H6(Header 3P DC 2.54)
Add component. Clean all parameters for all variants
Add component (AddParameter): Name = "Chung_Loai"; Value = "C?m"; VariantName = "[No Variations]"
Add component (AddParameter): Name = "Don_Vi"; Value = "Con"; VariantName = "[No Variations]"
Add component (AddParameter): Name = "Ghi_Chu"; Value = ""; VariantName = "[No Variations]"
Add component (AddParameter): Name = "Kieu_Chan"; Value = ""; VariantName = "[No Variations]"
Add component (AddParameter): Name = "Ma_Hang"; Value = "MH001302"; VariantName = "[No Variations]"
Add component (AddParameter): Name = "Ten_Linh_Kien"; Value = "Header 3P XH2.54-3P Ð?c Cong"; VariantName = "[No Variations]"
Added Component: Designator=H8(Header 3P DC 2.54)
Add component. Clean all parameters for all variants
Add component (AddParameter): Name = "Chung_Loai"; Value = "C?m"; VariantName = "[No Variations]"
Add component (AddParameter): Name = "Don_Vi"; Value = "Con"; VariantName = "[No Variations]"
Add component (AddParameter): Name = "Ghi_Chu"; Value = ""; VariantName = "[No Variations]"
Add component (AddParameter): Name = "Kieu_Chan"; Value = ""; VariantName = "[No Variations]"
Add component (AddParameter): Name = "Ma_Hang"; Value = "MH001302"; VariantName = "[No Variations]"
Add component (AddParameter): Name = "Ten_Linh_Kien"; Value = "Header 3P XH2.54-3P Ð?c Cong"; VariantName = "[No Variations]"
Added Pin To Net: NetName=CAN1_L Pin=H6-1
Added Pin To Net: NetName=CAN1_H Pin=H6-2
Added Pin To Net: NetName=GND Pin=H6-3
Added Pin To Net: NetName=RS485_A3 Pin=H8-1
Added Pin To Net: NetName=RS485_B3 Pin=H8-2
Added Pin To Net: NetName=GND Pin=H8-3
Added Member To Class: ClassName=Terminal Member=Component H6 CAN_1
Added Member To Class: ClassName=Terminal Member=Component H8 RS485_3
